0 info it worked if it ends with ok
1 verbose cli [ '/usr/local/bin/node', '/usr/local/bin/npm', 'run', 'build' ]
2 info using npm@3.8.6
3 info using node@v6.0.0
4 verbose run-script [ 'prebuild', 'build', 'postbuild' ]
5 info lifecycle react-sound@0.4.0~prebuild: react-sound@0.4.0
6 silly lifecycle react-sound@0.4.0~prebuild: no script for prebuild, continuing
7 info lifecycle react-sound@0.4.0~build: react-sound@0.4.0
8 verbose lifecycle react-sound@0.4.0~build: unsafe-perm in lifecycle true
9 verbose lifecycle react-sound@0.4.0~build: PATH: /usr/local/lib/node_modules/npm/bin/node-gyp-bin:/Users/frankbonetti/work/react-sound/node_modules/.bin:/usr/local/bin:/Users/frankbonetti/.rbenv/shims:/Users/frankbonetti/.rbenv/bin:/usr/local/bin:/usr/bin:/bin:/usr/sbin:/sbin
10 verbose lifecycle react-sound@0.4.0~build: CWD: /Users/frankbonetti/work/react-sound
11 silly lifecycle react-sound@0.4.0~build: Args: [ '-c', 'npm run lint && babel src --out-dir lib' ]
12 silly lifecycle react-sound@0.4.0~build: Returned: code: 1  signal: null
13 info lifecycle react-sound@0.4.0~build: Failed to exec build script
14 verbose stack Error: react-sound@0.4.0 build: `npm run lint && babel src --out-dir lib`
14 verbose stack Exit status 1
14 verbose stack     at EventEmitter.<anonymous> (/usr/local/lib/node_modules/npm/lib/utils/lifecycle.js:239:16)
14 verbose stack     at emitTwo (events.js:106:13)
14 verbose stack     at EventEmitter.emit (events.js:191:7)
14 verbose stack     at ChildProcess.<anonymous> (/usr/local/lib/node_modules/npm/lib/utils/spawn.js:24:14)
14 verbose stack     at emitTwo (events.js:106:13)
14 verbose stack     at ChildProcess.emit (events.js:191:7)
14 verbose stack     at maybeClose (internal/child_process.js:850:16)
14 verbose stack     at Process.ChildProcess._handle.onexit (internal/child_process.js:215:5)
15 verbose pkgid react-sound@0.4.0
16 verbose cwd /Users/frankbonetti/work/react-sound
17 error Darwin 15.4.0
18 error argv "/usr/local/bin/node" "/usr/local/bin/npm" "run" "build"
19 error node v6.0.0
20 error npm  v3.8.6
21 error code ELIFECYCLE
22 error react-sound@0.4.0 build: `npm run lint && babel src --out-dir lib`
22 error Exit status 1
23 error Failed at the react-sound@0.4.0 build script 'npm run lint && babel src --out-dir lib'.
23 error Make sure you have the latest version of node.js and npm installed.
23 error If you do, this is most likely a problem with the react-sound package,
23 error not with npm itself.
23 error Tell the author that this fails on your system:
23 error     npm run lint && babel src --out-dir lib
23 error You can get information on how to open an issue for this project with:
23 error     npm bugs react-sound
23 error Or if that isn't available, you can get their info via:
23 error     npm owner ls react-sound
23 error There is likely additional logging output above.
24 verbose exit [ 1, true ]
